[debug] [2023-08-15T17:02:16.500Z] ----------------------------------------------------------------------
[debug] [2023-08-15T17:02:16.504Z] Command:       C:\Program Files\nodejs\node.exe C:\Users\Juan Viloria\AppData\Roaming\npm\node_modules\firebase-tools\lib\bin\firebase.js init
[debug] [2023-08-15T17:02:16.504Z] CLI Version:   12.4.7
[debug] [2023-08-15T17:02:16.505Z] Platform:      win32
[debug] [2023-08-15T17:02:16.505Z] Node Version:  v20.4.0
[debug] [2023-08-15T17:02:16.505Z] Time:          Tue Aug 15 2023 13:02:16 GMT-0400 (hora estándar de Chile)
[debug] [2023-08-15T17:02:16.505Z] ----------------------------------------------------------------------
[debug] 
[debug] [2023-08-15T17:02:16.518Z] > command requires scopes: ["email","openid","https://www.googleapis.com/auth/cloudplatformprojects.readonly","https://www.googleapis.com/auth/firebase","https://www.googleapis.com/auth/cloud-platform"]
[debug] [2023-08-15T17:02:16.519Z] > authorizing via signed-in user (ginapedraza00@gmail.com)
[info] 
     ######## #### ########  ######## ########     ###     ######  ########
     ##        ##  ##     ## ##       ##     ##  ##   ##  ##       ##
     ######    ##  ########  ######   ########  #########  ######  ######
     ##        ##  ##    ##  ##       ##     ## ##     ##       ## ##
     ##       #### ##     ## ######## ########  ##     ##  ######  ########

You're about to initialize a Firebase project in this directory:

  C:\Users\Juan Viloria\Desktop\LABORATORIA\BOOTCAMP\3ER PROYECTO\DEV010-social-network

[info] 
=== Project Setup
[info] 
[info] First, let's associate this project directory with a Firebase project.
[info] You can create multiple project aliases by running firebase use --add, 
[info] but for now we'll just set up a default project.
[info] 
[debug] [2023-08-15T17:03:07.850Z] > refreshing access token with scopes: []
[debug] [2023-08-15T17:03:07.857Z] >>> [apiv2][query] POST https://www.googleapis.com/oauth2/v3/token [none]
[debug] [2023-08-15T17:03:07.857Z] >>> [apiv2][body] POST https://www.googleapis.com/oauth2/v3/token [omitted]
[debug] [2023-08-15T17:03:08.211Z] <<< [apiv2][status] POST https://www.googleapis.com/oauth2/v3/token 200
[debug] [2023-08-15T17:03:08.211Z] <<< [apiv2][body] POST https://www.googleapis.com/oauth2/v3/token [omitted]
[debug] [2023-08-15T17:03:08.227Z] >>> [apiv2][query] GET https://firebase.googleapis.com/v1beta1/projects pageSize=100
[debug] [2023-08-15T17:03:08.792Z] <<< [apiv2][status] GET https://firebase.googleapis.com/v1beta1/projects 200
[debug] [2023-08-15T17:03:08.793Z] <<< [apiv2][body] GET https://firebase.googleapis.com/v1beta1/projects [omitted]
[info] i  Using project social-network-f3bfb (social-network) 
[info] 
=== Database Setup
[info] i  database: ensuring required API firebasedatabase.googleapis.com is enabled... 
[debug] [2023-08-15T17:03:14.953Z] >>> [apiv2][query] GET https://serviceusage.googleapis.com/v1/projects/social-network-f3bfb/services/firebasedatabase.googleapis.com [none]
[debug] [2023-08-15T17:03:14.953Z] >>> [apiv2][(partial)header] GET https://serviceusage.googleapis.com/v1/projects/social-network-f3bfb/services/firebasedatabase.googleapis.com x-goog-quota-user=projects/social-network-f3bfb
[debug] [2023-08-15T17:03:15.986Z] <<< [apiv2][status] GET https://serviceusage.googleapis.com/v1/projects/social-network-f3bfb/services/firebasedatabase.googleapis.com 200
[debug] [2023-08-15T17:03:15.987Z] <<< [apiv2][body] GET https://serviceusage.googleapis.com/v1/projects/social-network-f3bfb/services/firebasedatabase.googleapis.com [omitted]
[info] +  database: required API firebasedatabase.googleapis.com is enabled 
[info] 
[debug] [2023-08-15T17:03:15.989Z] >>> [apiv2][query] GET https://firebasedatabase.googleapis.com/v1beta/projects/social-network-f3bfb/locations/-/instances/social-network-f3bfb-default-rtdb [none]
[debug] [2023-08-15T17:03:17.063Z] <<< [apiv2][status] GET https://firebasedatabase.googleapis.com/v1beta/projects/social-network-f3bfb/locations/-/instances/social-network-f3bfb-default-rtdb 200
[debug] [2023-08-15T17:03:17.063Z] <<< [apiv2][body] GET https://firebasedatabase.googleapis.com/v1beta/projects/social-network-f3bfb/locations/-/instances/social-network-f3bfb-default-rtdb {"name":"projects/80088957819/locations/us-central1/instances/social-network-f3bfb-default-rtdb","project":"projects/80088957819","databaseUrl":"https://social-network-f3bfb-default-rtdb.firebaseio.com","type":"DEFAULT_DATABASE","state":"ACTIVE"}
[info] 
[info] Firebase Realtime Database Security Rules allow you to define how your data should be
[info] structured and when your data can be read from and written to.
[info] 
